<?xml version="1.0" encoding="UTF-8"?>
<!-- Generated by org.testng.reporters.JUnitXMLReporter -->
<testsuite ignored="0" hostname="OAPH000125" failures="0" tests="2" name="Command line test" time="89.262" errors="0" timestamp="2023-08-29T13:32:49 SGT">
  <testcase classname="io.cucumber.testng.AbstractTestNGCucumberTests" name="runScenario" time="84.255"/>
  <testcase classname="io.cucumber.testng.AbstractTestNGCucumberTests" name="runScenario" time="84.405"/>
</testsuite> <!-- Command line test -->
