<?xml version="1.0" encoding="UTF-8"?>
<testng-results ignored="0" total="2" passed="2" failed="0" skipped="0">
  <reporter-output>
  </reporter-output>
  <suite started-at="2023-08-29T13:31:20 SGT" name="Command line suite" finished-at="2023-08-29T13:32:49 SGT" duration-ms="89262">
    <groups>
      <group name="cucumber">
        <method signature="AbstractTestNGCucumberTests.runScenario(io.cucumber.testng.PickleWrapper,io.cucumber.testng.FeatureWrapper)[pri:0, instance:com.oneaston.tap.automation.ui.runners.RunCucumberTest@b2c9a9c]" name="runScenario" class="io.cucumber.testng.AbstractTestNGCucumberTests"/>
      </group> <!-- cucumber -->
    </groups>
    <test started-at="2023-08-29T13:31:20 SGT" name="Command line test" finished-at="2023-08-29T13:32:49 SGT" duration-ms="89262">
      <class name="com.oneaston.tap.automation.ui.runners.RunCucumberTest">
        <test-method is-config="true" signature="setUpClass()[pri:0, instance:com.oneaston.tap.automation.ui.runners.RunCucumberTest@b2c9a9c]" started-at="2023-08-29T13:31:20 SGT" name="setUpClass" finished-at="2023-08-29T13:31:21 SGT" duration-ms="1137" status="PASS">
          <reporter-output>
          </reporter-output>
        </test-method> <!-- setUpClass -->
        <test-method signature="runScenario(io.cucumber.testng.PickleWrapper,io.cucumber.testng.FeatureWrapper)[pri:0, instance:com.oneaston.tap.automation.ui.runners.RunCucumberTest@b2c9a9c]" started-at="2023-08-29T13:31:21 SGT" name="runScenario" description="Runs Cucumber Scenarios" data-provider="scenarios" finished-at="2023-08-29T13:32:45 SGT" duration-ms="84255" status="PASS">
          <params>
            <param index="0">
              <value>
                <![CDATA["Successful Buy Bond Order"]]>
              </value>
            </param>
            <param index="1">
              <value>
                <![CDATA["Optional[Bond]"]]>
              </value>
            </param>
          </params>
          <reporter-output>
          </reporter-output>
        </test-method> <!-- runScenario -->
        <test-method signature="runScenario(io.cucumber.testng.PickleWrapper,io.cucumber.testng.FeatureWrapper)[pri:0, instance:com.oneaston.tap.automation.ui.runners.RunCucumberTest@b2c9a9c]" started-at="2023-08-29T13:31:21 SGT" name="runScenario" description="Runs Cucumber Scenarios" data-provider="scenarios" finished-at="2023-08-29T13:32:45 SGT" duration-ms="84405" status="PASS">
          <params>
            <param index="0">
              <value>
                <![CDATA["Successful Buy Bond Order"]]>
              </value>
            </param>
            <param index="1">
              <value>
                <![CDATA["Optional[Bond]"]]>
              </value>
            </param>
          </params>
          <reporter-output>
          </reporter-output>
        </test-method> <!-- runScenario -->
        <test-method is-config="true" signature="tearDownClass()[pri:0, instance:com.oneaston.tap.automation.ui.runners.RunCucumberTest@b2c9a9c]" started-at="2023-08-29T13:32:45 SGT" name="tearDownClass" finished-at="2023-08-29T13:32:49 SGT" duration-ms="3620" status="PASS">
          <reporter-output>
          </reporter-output>
        </test-method> <!-- tearDownClass -->
      </class> <!-- com.oneaston.tap.automation.ui.runners.RunCucumberTest -->
    </test> <!-- Command line test -->
  </suite> <!-- Command line suite -->
</testng-results>
